<?xml version="1.0" encoding="UTF-8"?>
<testng-results skipped="0" failed="0" ignored="0" total="1" passed="1">
  <reporter-output>
  </reporter-output>
  <suite name="Default suite" duration-ms="7189" started-at="2023-01-15T20:49:53Z" finished-at="2023-01-15T20:50:01Z">
    <groups>
    </groups>
    <test name="Default test" duration-ms="7189" started-at="2023-01-15T20:49:53Z" finished-at="2023-01-15T20:50:01Z">
      <class name="keys.KeysTests">
        <test-method status="PASS" signature="setUp()[pri:0, instance:keys.KeysTests@6193932a]" name="setUp" is-config="true" duration-ms="6080" started-at="2023-01-15T20:49:53Z" finished-at="2023-01-15T20:50:00Z">
          <reporter-output>
          </reporter-output>
        </test-method> <!-- setUp -->
        <test-method status="PASS" signature="testsBackSpace()[pri:0, instance:keys.KeysTests@6193932a]" name="testsBackSpace" duration-ms="417" started-at="2023-01-15T20:50:00Z" finished-at="2023-01-15T20:50:00Z">
          <reporter-output>
          </reporter-output>
        </test-method> <!-- testsBackSpace -->
        <test-method status="PASS" signature="tearDown()[pri:0, instance:keys.KeysTests@6193932a]" name="tearDown" is-config="true" duration-ms="662" started-at="2023-01-15T20:50:00Z" finished-at="2023-01-15T20:50:01Z">
          <reporter-output>
          </reporter-output>
        </test-method> <!-- tearDown -->
      </class> <!-- keys.KeysTests -->
    </test> <!-- Default test -->
  </suite> <!-- Default suite -->
</testng-results>
